android/app/build/intermediates/manifest_merge_blame_file/release/manifest-merger-blame-release-report.txt
1<?xml version="1.0" encoding="utf-8"?>
2<manifest xmlns:android="http://schemas.android.com/apk/res/android"
3    package="com.aarkasports.letzplay"
4    android:versionCode="1"
5    android:versionName="1.0" >
6
7    <uses-sdk
8        android:minSdkVersion="21"
8-->src\main\AndroidManifest.xml
9        android:targetSdkVersion="30" />
9-->src\main\AndroidManifest.xml
10
11    <uses-permission android:name="android.permission.INTERNET" />
11-->src\main\AndroidManifest.xml:3:3-65
11-->src\main\AndroidManifest.xml:3:20-62
12    <uses-permission android:name="android.permission.ACCESS_FINE_LOCATION" />
12-->src\main\AndroidManifest.xml:4:3-77
12-->src\main\AndroidManifest.xml:4:20-74
13    <uses-permission android:name="android.permission.ACCESS_COARSE_LOCATION" />
13-->src\main\AndroidManifest.xml:5:3-79
13-->src\main\AndroidManifest.xml:5:20-76
14    <uses-permission android:name="android.permission.WAKE_LOCK" />
14-->[:react-native-firebase_auth] AndroidManifest.xml:10:5-68
14-->[:react-native-firebase_auth] AndroidManifest.xml:10:22-65
15    <uses-permission android:name="android.permission.ACCESS_NETWORK_STATE" />
15-->[:react-native-firebase_auth] AndroidManifest.xml:11:5-79
15-->[:react-native-firebase_auth] AndroidManifest.xml:11:22-76
16
17    <queries>
17-->[com.razorpay:checkout:1.6.22] AndroidManifest.xml:11:5-37:15
18        <intent>
18-->[com.razorpay:checkout:1.6.22] AndroidManifest.xml:12:9-18:18
19            <action android:name="android.intent.action.VIEW" />
19-->[com.google.firebase:firebase-auth:21.0.1] AndroidManifest.xml:34:17-69
19-->[com.google.firebase:firebase-auth:21.0.1] AndroidManifest.xml:34:25-66
20
21            <data
21-->[com.google.firebase:firebase-auth:21.0.1] AndroidManifest.xml:39:17-42:51
22                android:mimeType="*/*"
23                android:scheme="*" />
23-->[com.google.firebase:firebase-auth:21.0.1] AndroidManifest.xml:42:21-48
24        </intent>
25        <intent>
25-->[com.razorpay:checkout:1.6.22] AndroidManifest.xml:19:9-28:18
26            <action android:name="android.intent.action.VIEW" />
26-->[com.google.firebase:firebase-auth:21.0.1] AndroidManifest.xml:34:17-69
26-->[com.google.firebase:firebase-auth:21.0.1] AndroidManifest.xml:34:25-66
27
28            <category android:name="android.intent.category.BROWSABLE" />
28-->[com.google.firebase:firebase-auth:21.0.1] AndroidManifest.xml:37:17-78
28-->[com.google.firebase:firebase-auth:21.0.1] AndroidManifest.xml:37:27-75
29
30            <data
30-->[com.google.firebase:firebase-auth:21.0.1] AndroidManifest.xml:39:17-42:51
31                android:host="pay"
31-->[com.google.firebase:firebase-auth:21.0.1] AndroidManifest.xml:40:21-49
32                android:mimeType="*/*"
33                android:scheme="upi" />
33-->[com.google.firebase:firebase-auth:21.0.1] AndroidManifest.xml:42:21-48
34        </intent>
35        <intent>
35-->[com.razorpay:checkout:1.6.22] AndroidManifest.xml:29:9-31:18
36            <action android:name="android.intent.action.MAIN" />
36-->src\main\AndroidManifest.xml:11:9-61
36-->src\main\AndroidManifest.xml:11:17-58
37        </intent>
38        <intent>
38-->[com.razorpay:checkout:1.6.22] AndroidManifest.xml:32:9-36:18
39            <action android:name="android.intent.action.SEND" />
39-->[com.razorpay:checkout:1.6.22] AndroidManifest.xml:33:13-65
39-->[com.razorpay:checkout:1.6.22] AndroidManifest.xml:33:21-62
40
41            <data android:mimeType="*/*" />
41-->[com.google.firebase:firebase-auth:21.0.1] AndroidManifest.xml:39:17-42:51
42        </intent>
43        <!-- Needs to be explicitly declared on Android R+ -->
44        <package android:name="com.google.android.apps.maps" />
44-->[com.google.android.gms:play-services-maps:18.0.2] AndroidManifest.xml:33:9-64
44-->[com.google.android.gms:play-services-maps:18.0.2] AndroidManifest.xml:33:18-61
45    </queries> <!-- Required by older versions of Google Play services to create IID tokens -->
46    <uses-permission android:name="com.google.android.c2dm.permission.RECEIVE" />
46-->[com.google.android.gms:play-services-iid:17.0.0] AndroidManifest.xml:23:5-82
46-->[com.google.android.gms:play-services-iid:17.0.0] AndroidManifest.xml:23:22-79
47
48    <uses-feature
48-->[com.google.android.gms:play-services-maps:18.0.2] AndroidManifest.xml:26:5-28:35
49        android:glEsVersion="0x00020000"
49-->[com.google.android.gms:play-services-maps:18.0.2] AndroidManifest.xml:27:9-41
50        android:required="true" />
50-->[com.google.android.gms:play-services-maps:18.0.2] AndroidManifest.xml:28:9-32
51
52    <uses-permission android:name="android.permission.RECEIVE_BOOT_COMPLETED" />
52-->[androidx.work:work-runtime:2.5.0] AndroidManifest.xml:27:5-81
52-->[androidx.work:work-runtime:2.5.0] AndroidManifest.xml:27:22-78
53    <uses-permission android:name="android.permission.FOREGROUND_SERVICE" />
53-->[androidx.work:work-runtime:2.5.0] AndroidManifest.xml:28:5-77
53-->[androidx.work:work-runtime:2.5.0] AndroidManifest.xml:28:22-74
54    <uses-permission android:name="com.google.android.finsky.permission.BIND_GET_INSTALL_REFERRER_SERVICE" />
54-->[com.android.installreferrer:installreferrer:1.1.2] AndroidManifest.xml:9:5-110
54-->[com.android.installreferrer:installreferrer:1.1.2] AndroidManifest.xml:9:22-107
55
56    <application
56-->src\main\AndroidManifest.xml:6:3-15:17
57        android:name="com.aarkasports.letzplay.MainApplication"
57-->src\main\AndroidManifest.xml:6:52-83
58        android:allowBackup="false"
58-->src\main\AndroidManifest.xml:6:198-225
59        android:appComponentFactory="androidx.core.app.CoreComponentFactory"
59-->[androidx.core:core:1.6.0] AndroidManifest.xml:24:18-86
60        android:icon="@mipmap/ic_launcher"
60-->src\main\AndroidManifest.xml:6:117-151
61        android:label="@string/app_name"
61-->src\main\AndroidManifest.xml:6:84-116
62        android:roundIcon="@mipmap/ic_launcher_round"
62-->src\main\AndroidManifest.xml:6:152-197
63        android:theme="@style/AppTheme"
63-->src\main\AndroidManifest.xml:6:226-257
64        android:usesCleartextTraffic="true" >
64-->src\main\AndroidManifest.xml:6:16-51
65        <meta-data
65-->src\main\AndroidManifest.xml:7:5-120
66            android:name="com.google.android.geo.API_KEY"
66-->src\main\AndroidManifest.xml:7:16-61
67            android:value="AIzaSyAYc0uNa8aaNiX_aL6GZaAzX-S1SiUK6ZY" />
67-->src\main\AndroidManifest.xml:7:62-117
68
69        <activity
69-->src\main\AndroidManifest.xml:8:5-14:16
70            android:name="com.aarkasports.letzplay.MainActivity"
70-->src\main\AndroidManifest.xml:8:15-43
71            android:configChanges="keyboard|keyboardHidden|orientation|screenSize|uiMode"
71-->src\main\AndroidManifest.xml:8:77-154
72            android:label="@string/app_name"
72-->src\main\AndroidManifest.xml:8:44-76
73            android:launchMode="singleTask"
73-->src\main\AndroidManifest.xml:8:155-186
74            android:windowSoftInputMode="adjustPan" >
74-->src\main\AndroidManifest.xml:8:187-226
75            <intent-filter>
75-->src\main\AndroidManifest.xml:10:7-13:23
76                <action android:name="android.intent.action.MAIN" />
76-->src\main\AndroidManifest.xml:11:9-61
76-->src\main\AndroidManifest.xml:11:17-58
77
78                <category android:name="android.intent.category.LAUNCHER" />
78-->src\main\AndroidManifest.xml:12:9-69
78-->src\main\AndroidManifest.xml:12:19-66
79            </intent-filter>
80        </activity>
81        <activity
81-->[:react-native-razorpay] AndroidManifest.xml:10:9-12:86
82            android:name="com.razorpay.CheckoutActivity"
82-->[:react-native-razorpay] AndroidManifest.xml:11:13-57
83            android:configChanges="keyboard|keyboardHidden|orientation|screenSize"
83-->[:react-native-razorpay] AndroidManifest.xml:12:13-83
84            android:exported="true"
84-->[com.razorpay:checkout:1.6.22] AndroidManifest.xml:51:13-36
85            android:theme="@style/CheckoutTheme" >
85-->[com.razorpay:checkout:1.6.22] AndroidManifest.xml:52:13-49
86            <intent-filter>
86-->[com.razorpay:checkout:1.6.22] AndroidManifest.xml:53:13-59:29
87                <action android:name="android.intent.action.MAIN" />
87-->src\main\AndroidManifest.xml:11:9-61
87-->src\main\AndroidManifest.xml:11:17-58
88
89                <data
89-->[com.google.firebase:firebase-auth:21.0.1] AndroidManifest.xml:39:17-42:51
90                    android:host="rzp.io"
90-->[com.google.firebase:firebase-auth:21.0.1] AndroidManifest.xml:40:21-49
91                    android:scheme="io.rzp" />
91-->[com.google.firebase:firebase-auth:21.0.1] AndroidManifest.xml:42:21-48
92            </intent-filter>
93        </activity>
94
95        <meta-data
95-->[:react-native-firebase_app] AndroidManifest.xml:10:9-12:36
96            android:name="app_data_collection_default_enabled"
96-->[:react-native-firebase_app] AndroidManifest.xml:11:13-63
97            android:value="true" />
97-->[:react-native-firebase_app] AndroidManifest.xml:12:13-33
98
99        <service
99-->[:react-native-firebase_app] AndroidManifest.xml:14:9-18:19
100            android:name="com.google.firebase.components.ComponentDiscoveryService"
100-->[:react-native-firebase_app] AndroidManifest.xml:14:18-89
101            android:directBootAware="true"
101-->[com.google.firebase:firebase-common:20.0.0] AndroidManifest.xml:35:13-43
102            android:exported="false" >
102-->[com.google.firebase:firebase-auth:21.0.1] AndroidManifest.xml:76:13-37
103            <meta-data
103-->[:react-native-firebase_app] AndroidManifest.xml:15:13-17:85
104                android:name="com.google.firebase.components:io.invertase.firebase.app.ReactNativeFirebaseAppRegistrar"
104-->[:react-native-firebase_app] AndroidManifest.xml:16:17-120
105                android:value="com.google.firebase.components.ComponentRegistrar" />
105-->[:react-native-firebase_app] AndroidManifest.xml:17:17-82
106            <meta-data
106-->[com.google.firebase:firebase-auth:21.0.1] AndroidManifest.xml:77:13-79:85
107                android:name="com.google.firebase.components:com.google.firebase.auth.FirebaseAuthRegistrar"
107-->[com.google.firebase:firebase-auth:21.0.1] AndroidManifest.xml:78:17-109
108                android:value="com.google.firebase.components.ComponentRegistrar" />
108-->[com.google.firebase:firebase-auth:21.0.1] AndroidManifest.xml:79:17-82
109        </service>
110
111        <provider
111-->[:react-native-firebase_app] AndroidManifest.xml:20:9-24:38
112            android:name="io.invertase.firebase.app.ReactNativeFirebaseAppInitProvider"
112-->[:react-native-firebase_app] AndroidManifest.xml:21:13-88
113            android:authorities="com.aarkasports.letzplay.reactnativefirebaseappinitprovider"
113-->[:react-native-firebase_app] AndroidManifest.xml:22:13-86
114            android:exported="false"
114-->[:react-native-firebase_app] AndroidManifest.xml:23:13-37
115            android:initOrder="99" />
115-->[:react-native-firebase_app] AndroidManifest.xml:24:13-35
116
117        <activity
117-->[com.google.firebase:firebase-auth:21.0.1] AndroidManifest.xml:27:9-44:20
118            android:name="com.google.firebase.auth.internal.GenericIdpActivity"
118-->[com.google.firebase:firebase-auth:21.0.1] AndroidManifest.xml:28:13-80
119            android:excludeFromRecents="true"
119-->[com.google.firebase:firebase-auth:21.0.1] AndroidManifest.xml:29:13-46
120            android:exported="true"
120-->[com.google.firebase:firebase-auth:21.0.1] AndroidManifest.xml:30:13-36
121            android:launchMode="singleTask"
121-->[com.google.firebase:firebase-auth:21.0.1] AndroidManifest.xml:31:13-44
122            android:theme="@android:style/Theme.Translucent.NoTitleBar" >
122-->[com.google.firebase:firebase-auth:21.0.1] AndroidManifest.xml:32:13-72
123            <intent-filter>
123-->[com.google.firebase:firebase-auth:21.0.1] AndroidManifest.xml:33:13-43:29
124                <action android:name="android.intent.action.VIEW" />
124-->[com.google.firebase:firebase-auth:21.0.1] AndroidManifest.xml:34:17-69
124-->[com.google.firebase:firebase-auth:21.0.1] AndroidManifest.xml:34:25-66
125
126                <category android:name="android.intent.category.DEFAULT" />
126-->[com.google.firebase:firebase-auth:21.0.1] AndroidManifest.xml:36:17-76
126-->[com.google.firebase:firebase-auth:21.0.1] AndroidManifest.xml:36:27-73
127                <category android:name="android.intent.category.BROWSABLE" />
127-->[com.google.firebase:firebase-auth:21.0.1] AndroidManifest.xml:37:17-78
127-->[com.google.firebase:firebase-auth:21.0.1] AndroidManifest.xml:37:27-75
128
129                <data
129-->[com.google.firebase:firebase-auth:21.0.1] AndroidManifest.xml:39:17-42:51
130                    android:host="firebase.auth"
130-->[com.google.firebase:firebase-auth:21.0.1] AndroidManifest.xml:40:21-49
131                    android:path="/"
131-->[com.google.firebase:firebase-auth:21.0.1] AndroidManifest.xml:41:21-37
132                    android:scheme="genericidp" />
132-->[com.google.firebase:firebase-auth:21.0.1] AndroidManifest.xml:42:21-48
133            </intent-filter>
134        </activity>
135        <activity
135-->[com.google.firebase:firebase-auth:21.0.1] AndroidManifest.xml:45:9-62:20
136            android:name="com.google.firebase.auth.internal.RecaptchaActivity"
136-->[com.google.firebase:firebase-auth:21.0.1] AndroidManifest.xml:46:13-79
137            android:excludeFromRecents="true"
137-->[com.google.firebase:firebase-auth:21.0.1] AndroidManifest.xml:47:13-46
138            android:exported="true"
138-->[com.google.firebase:firebase-auth:21.0.1] AndroidManifest.xml:48:13-36
139            android:launchMode="singleTask"
139-->[com.google.firebase:firebase-auth:21.0.1] AndroidManifest.xml:49:13-44
140            android:theme="@android:style/Theme.Translucent.NoTitleBar" >
140-->[com.google.firebase:firebase-auth:21.0.1] AndroidManifest.xml:50:13-72
141            <intent-filter>
141-->[com.google.firebase:firebase-auth:21.0.1] AndroidManifest.xml:51:13-61:29
142                <action android:name="android.intent.action.VIEW" />
142-->[com.google.firebase:firebase-auth:21.0.1] AndroidManifest.xml:34:17-69
142-->[com.google.firebase:firebase-auth:21.0.1] AndroidManifest.xml:34:25-66
143
144                <category android:name="android.intent.category.DEFAULT" />
144-->[com.google.firebase:firebase-auth:21.0.1] AndroidManifest.xml:36:17-76
144-->[com.google.firebase:firebase-auth:21.0.1] AndroidManifest.xml:36:27-73
145                <category android:name="android.intent.category.BROWSABLE" />
145-->[com.google.firebase:firebase-auth:21.0.1] AndroidManifest.xml:37:17-78
145-->[com.google.firebase:firebase-auth:21.0.1] AndroidManifest.xml:37:27-75
146
147                <data
147-->[com.google.firebase:firebase-auth:21.0.1] AndroidManifest.xml:39:17-42:51
148                    android:host="firebase.auth"
148-->[com.google.firebase:firebase-auth:21.0.1] AndroidManifest.xml:40:21-49
149                    android:path="/"
149-->[com.google.firebase:firebase-auth:21.0.1] AndroidManifest.xml:41:21-37
150                    android:scheme="recaptcha" />
150-->[com.google.firebase:firebase-auth:21.0.1] AndroidManifest.xml:42:21-48
151            </intent-filter>
152        </activity>
153
154        <service
154-->[com.google.firebase:firebase-auth:21.0.1] AndroidManifest.xml:64:9-73:19
155            android:name="com.google.firebase.auth.api.fallback.service.FirebaseAuthFallbackService"
155-->[com.google.firebase:firebase-auth:21.0.1] AndroidManifest.xml:65:13-101
156            android:enabled="true"
156-->[com.google.firebase:firebase-auth:21.0.1] AndroidManifest.xml:66:13-35
157            android:exported="false" >
157-->[com.google.firebase:firebase-auth:21.0.1] AndroidManifest.xml:67:13-37
158            <intent-filter>
158-->[com.google.firebase:firebase-auth:21.0.1] AndroidManifest.xml:68:13-72:29
159                <action android:name="com.google.firebase.auth.api.gms.service.START" />
159-->[com.google.firebase:firebase-auth:21.0.1] AndroidManifest.xml:69:17-89
159-->[com.google.firebase:firebase-auth:21.0.1] AndroidManifest.xml:69:25-86
160
161                <category android:name="android.intent.category.DEFAULT" />
161-->[com.google.firebase:firebase-auth:21.0.1] AndroidManifest.xml:36:17-76
161-->[com.google.firebase:firebase-auth:21.0.1] AndroidManifest.xml:36:27-73
162            </intent-filter>
163        </service>
164
165        <receiver
165-->[com.razorpay:checkout:1.6.22] AndroidManifest.xml:40:9-46:20
166            android:name="com.razorpay.RzpTokenReceiver"
166-->[com.razorpay:checkout:1.6.22] AndroidManifest.xml:41:13-57
167            android:exported="false" >
167-->[com.razorpay:checkout:1.6.22] AndroidManifest.xml:42:13-37
168            <intent-filter>
168-->[com.razorpay:checkout:1.6.22] AndroidManifest.xml:43:13-45:29
169                <action android:name="rzp.device_token.share" />
169-->[com.razorpay:checkout:1.6.22] AndroidManifest.xml:44:17-65
169-->[com.razorpay:checkout:1.6.22] AndroidManifest.xml:44:25-62
170            </intent-filter>
171        </receiver>
172
173        <meta-data
173-->[com.razorpay:checkout:1.6.22] AndroidManifest.xml:62:9-64:58
174            android:name="com.razorpay.plugin.googlepay_all"
174-->[com.razorpay:checkout:1.6.22] AndroidManifest.xml:63:13-61
175            android:value="com.razorpay.RzpGpayMerged" /> <!-- Needs to be explicitly declared on P+ -->
175-->[com.razorpay:checkout:1.6.22] AndroidManifest.xml:64:13-55
176        <uses-library
176-->[com.google.android.gms:play-services-maps:18.0.2] AndroidManifest.xml:39:9-41:40
177            android:name="org.apache.http.legacy"
177-->[com.google.android.gms:play-services-maps:18.0.2] AndroidManifest.xml:40:13-50
178            android:required="false" />
178-->[com.google.android.gms:play-services-maps:18.0.2] AndroidManifest.xml:41:13-37
179
180        <activity
180-->[com.google.android.gms:play-services-auth:20.2.0] AndroidManifest.xml:23:9-27:75
181            android:name="com.google.android.gms.auth.api.signin.internal.SignInHubActivity"
181-->[com.google.android.gms:play-services-auth:20.2.0] AndroidManifest.xml:24:13-93
182            android:excludeFromRecents="true"
182-->[com.google.android.gms:play-services-auth:20.2.0] AndroidManifest.xml:25:13-46
183            android:exported="false"
183-->[com.google.android.gms:play-services-auth:20.2.0] AndroidManifest.xml:26:13-37
184            android:theme="@android:style/Theme.Translucent.NoTitleBar" />
184-->[com.google.android.gms:play-services-auth:20.2.0] AndroidManifest.xml:27:13-72
185        <!--
186            Service handling Google Sign-In user revocation. For apps that do not integrate with
187            Google Sign-In, this service will never be started.
188        -->
189        <service
189-->[com.google.android.gms:play-services-auth:20.2.0] AndroidManifest.xml:33:9-37:51
190            android:name="com.google.android.gms.auth.api.signin.RevocationBoundService"
190-->[com.google.android.gms:play-services-auth:20.2.0] AndroidManifest.xml:34:13-89
191            android:exported="true"
191-->[com.google.android.gms:play-services-auth:20.2.0] AndroidManifest.xml:35:13-36
192            android:permission="com.google.android.gms.auth.api.signin.permission.REVOCATION_NOTIFICATION"
192-->[com.google.android.gms:play-services-auth:20.2.0] AndroidManifest.xml:36:13-107
193            android:visibleToInstantApps="true" />
193-->[com.google.android.gms:play-services-auth:20.2.0] AndroidManifest.xml:37:13-48
194
195        <activity
195-->[com.google.android.gms:play-services-base:18.0.1] AndroidManifest.xml:20:9-22:45
196            android:name="com.google.android.gms.common.api.GoogleApiActivity"
196-->[com.google.android.gms:play-services-base:18.0.1] AndroidManifest.xml:20:19-85
197            android:exported="false"
197-->[com.google.android.gms:play-services-base:18.0.1] AndroidManifest.xml:22:19-43
198            android:theme="@android:style/Theme.Translucent.NoTitleBar" />
198-->[com.google.android.gms:play-services-base:18.0.1] AndroidManifest.xml:21:19-78
199
200        <provider
200-->[com.google.firebase:firebase-common:20.0.0] AndroidManifest.xml:26:9-31:39
201            android:name="com.google.firebase.provider.FirebaseInitProvider"
201-->[com.google.firebase:firebase-common:20.0.0] AndroidManifest.xml:27:13-77
202            android:authorities="com.aarkasports.letzplay.firebaseinitprovider"
202-->[com.google.firebase:firebase-common:20.0.0] AndroidManifest.xml:28:13-72
203            android:directBootAware="true"
203-->[com.google.firebase:firebase-common:20.0.0] AndroidManifest.xml:29:13-43
204            android:exported="false"
204-->[com.google.firebase:firebase-common:20.0.0] AndroidManifest.xml:30:13-37
205            android:initOrder="100" />
205-->[com.google.firebase:firebase-common:20.0.0] AndroidManifest.xml:31:13-36
206
207        <meta-data
207-->[com.google.android.gms:play-services-basement:18.0.0] AndroidManifest.xml:21:9-23:69
208            android:name="com.google.android.gms.version"
208-->[com.google.android.gms:play-services-basement:18.0.0] AndroidManifest.xml:22:13-58
209            android:value="@integer/google_play_services_version" />
209-->[com.google.android.gms:play-services-basement:18.0.0] AndroidManifest.xml:23:13-66
210
211        <provider
211-->[androidx.work:work-runtime:2.5.0] AndroidManifest.xml:31:9-37:35
212            android:name="androidx.work.impl.WorkManagerInitializer"
212-->[androidx.work:work-runtime:2.5.0] AndroidManifest.xml:32:13-69
213            android:authorities="com.aarkasports.letzplay.workmanager-init"
213-->[androidx.work:work-runtime:2.5.0] AndroidManifest.xml:33:13-68
214            android:directBootAware="false"
214-->[androidx.work:work-runtime:2.5.0] AndroidManifest.xml:34:13-44
215            android:exported="false"
215-->[androidx.work:work-runtime:2.5.0] AndroidManifest.xml:35:13-37
216            android:multiprocess="true" />
216-->[androidx.work:work-runtime:2.5.0] AndroidManifest.xml:36:13-40
217
218        <service
218-->[androidx.work:work-runtime:2.5.0] AndroidManifest.xml:39:9-44:35
219            android:name="androidx.work.impl.background.systemalarm.SystemAlarmService"
219-->[androidx.work:work-runtime:2.5.0] AndroidManifest.xml:40:13-88
220            android:directBootAware="false"
220-->[androidx.work:work-runtime:2.5.0] AndroidManifest.xml:41:13-44
221            android:enabled="@bool/enable_system_alarm_service_default"
221-->[androidx.work:work-runtime:2.5.0] AndroidManifest.xml:42:13-72
222            android:exported="false" />
222-->[androidx.work:work-runtime:2.5.0] AndroidManifest.xml:43:13-37
223        <service
223-->[androidx.work:work-runtime:2.5.0] AndroidManifest.xml:45:9-51:35
224            android:name="androidx.work.impl.background.systemjob.SystemJobService"
224-->[androidx.work:work-runtime:2.5.0] AndroidManifest.xml:46:13-84
225            android:directBootAware="false"
225-->[androidx.work:work-runtime:2.5.0] AndroidManifest.xml:47:13-44
226            android:enabled="@bool/enable_system_job_service_default"
226-->[androidx.work:work-runtime:2.5.0] AndroidManifest.xml:48:13-70
227            android:exported="true"
227-->[androidx.work:work-runtime:2.5.0] AndroidManifest.xml:49:13-36
228            android:permission="android.permission.BIND_JOB_SERVICE" />
228-->[androidx.work:work-runtime:2.5.0] AndroidManifest.xml:50:13-69
229        <service
229-->[androidx.work:work-runtime:2.5.0] AndroidManifest.xml:52:9-57:35
230            android:name="androidx.work.impl.foreground.SystemForegroundService"
230-->[androidx.work:work-runtime:2.5.0] AndroidManifest.xml:53:13-81
231            android:directBootAware="false"
231-->[androidx.work:work-runtime:2.5.0] AndroidManifest.xml:54:13-44
232            android:enabled="@bool/enable_system_foreground_service_default"
232-->[androidx.work:work-runtime:2.5.0] AndroidManifest.xml:55:13-77
233            android:exported="false" />
233-->[androidx.work:work-runtime:2.5.0] AndroidManifest.xml:56:13-37
234
235        <receiver
235-->[androidx.work:work-runtime:2.5.0] AndroidManifest.xml:59:9-64:35
236            android:name="androidx.work.impl.utils.ForceStopRunnable$BroadcastReceiver"
236-->[androidx.work:work-runtime:2.5.0] AndroidManifest.xml:60:13-88
237            android:directBootAware="false"
237-->[androidx.work:work-runtime:2.5.0] AndroidManifest.xml:61:13-44
238            android:enabled="true"
238-->[androidx.work:work-runtime:2.5.0] AndroidManifest.xml:62:13-35
239            android:exported="false" />
239-->[androidx.work:work-runtime:2.5.0] AndroidManifest.xml:63:13-37
240        <receiver
240-->[androidx.work:work-runtime:2.5.0] AndroidManifest.xml:65:9-75:20
241            android:name="androidx.work.impl.background.systemalarm.ConstraintProxy$BatteryChargingProxy"
241-->[androidx.work:work-runtime:2.5.0] AndroidManifest.xml:66:13-106
242            android:directBootAware="false"
242-->[androidx.work:work-runtime:2.5.0] AndroidManifest.xml:67:13-44
243            android:enabled="false"
243-->[androidx.work:work-runtime:2.5.0] AndroidManifest.xml:68:13-36
244            android:exported="false" >
244-->[androidx.work:work-runtime:2.5.0] AndroidManifest.xml:69:13-37
245            <intent-filter>
245-->[androidx.work:work-runtime:2.5.0] AndroidManifest.xml:71:13-74:29
246                <action android:name="android.intent.action.ACTION_POWER_CONNECTED" />
246-->[androidx.work:work-runtime:2.5.0] AndroidManifest.xml:72:17-87
246-->[androidx.work:work-runtime:2.5.0] AndroidManifest.xml:72:25-84
247                <action android:name="android.intent.action.ACTION_POWER_DISCONNECTED" />
247-->[androidx.work:work-runtime:2.5.0] AndroidManifest.xml:73:17-90
247-->[androidx.work:work-runtime:2.5.0] AndroidManifest.xml:73:25-87
248            </intent-filter>
249        </receiver>
250        <receiver
250-->[androidx.work:work-runtime:2.5.0] AndroidManifest.xml:76:9-86:20
251            android:name="androidx.work.impl.background.systemalarm.ConstraintProxy$BatteryNotLowProxy"
251-->[androidx.work:work-runtime:2.5.0] AndroidManifest.xml:77:13-104
252            android:directBootAware="false"
252-->[androidx.work:work-runtime:2.5.0] AndroidManifest.xml:78:13-44
253            android:enabled="false"
253-->[androidx.work:work-runtime:2.5.0] AndroidManifest.xml:79:13-36
254            android:exported="false" >
254-->[androidx.work:work-runtime:2.5.0] AndroidManifest.xml:80:13-37
255            <intent-filter>
255-->[androidx.work:work-runtime:2.5.0] AndroidManifest.xml:82:13-85:29
256                <action android:name="android.intent.action.BATTERY_OKAY" />
256-->[androidx.work:work-runtime:2.5.0] AndroidManifest.xml:83:17-77
256-->[androidx.work:work-runtime:2.5.0] AndroidManifest.xml:83:25-74
257                <action android:name="android.intent.action.BATTERY_LOW" />
257-->[androidx.work:work-runtime:2.5.0] AndroidManifest.xml:84:17-76
257-->[androidx.work:work-runtime:2.5.0] AndroidManifest.xml:84:25-73
258            </intent-filter>
259        </receiver>
260        <receiver
260-->[androidx.work:work-runtime:2.5.0] AndroidManifest.xml:87:9-97:20
261            android:name="androidx.work.impl.background.systemalarm.ConstraintProxy$StorageNotLowProxy"
261-->[androidx.work:work-runtime:2.5.0] AndroidManifest.xml:88:13-104
262            android:directBootAware="false"
262-->[androidx.work:work-runtime:2.5.0] AndroidManifest.xml:89:13-44
263            android:enabled="false"
263-->[androidx.work:work-runtime:2.5.0] AndroidManifest.xml:90:13-36
264            android:exported="false" >
264-->[androidx.work:work-runtime:2.5.0] AndroidManifest.xml:91:13-37
265            <intent-filter>
265-->[androidx.work:work-runtime:2.5.0] AndroidManifest.xml:93:13-96:29
266                <action android:name="android.intent.action.DEVICE_STORAGE_LOW" />
266-->[androidx.work:work-runtime:2.5.0] AndroidManifest.xml:94:17-83
266-->[androidx.work:work-runtime:2.5.0] AndroidManifest.xml:94:25-80
267                <action android:name="android.intent.action.DEVICE_STORAGE_OK" />
267-->[androidx.work:work-runtime:2.5.0] AndroidManifest.xml:95:17-82
267-->[androidx.work:work-runtime:2.5.0] AndroidManifest.xml:95:25-79
268            </intent-filter>
269        </receiver>
270        <receiver
270-->[androidx.work:work-runtime:2.5.0] AndroidManifest.xml:98:9-107:20
271            android:name="androidx.work.impl.background.systemalarm.ConstraintProxy$NetworkStateProxy"
271-->[androidx.work:work-runtime:2.5.0] AndroidManifest.xml:99:13-103
272            android:directBootAware="false"
272-->[androidx.work:work-runtime:2.5.0] AndroidManifest.xml:100:13-44
273            android:enabled="false"
273-->[androidx.work:work-runtime:2.5.0] AndroidManifest.xml:101:13-36
274            android:exported="false" >
274-->[androidx.work:work-runtime:2.5.0] AndroidManifest.xml:102:13-37
275            <intent-filter>
275-->[androidx.work:work-runtime:2.5.0] AndroidManifest.xml:104:13-106:29
276                <action android:name="android.net.conn.CONNECTIVITY_CHANGE" />
276-->[androidx.work:work-runtime:2.5.0] AndroidManifest.xml:105:17-79
276-->[androidx.work:work-runtime:2.5.0] AndroidManifest.xml:105:25-76
277            </intent-filter>
278        </receiver>
279        <receiver
279-->[androidx.work:work-runtime:2.5.0] AndroidManifest.xml:108:9-119:20
280            android:name="androidx.work.impl.background.systemalarm.RescheduleReceiver"
280-->[androidx.work:work-runtime:2.5.0] AndroidManifest.xml:109:13-88
281            android:directBootAware="false"
281-->[androidx.work:work-runtime:2.5.0] AndroidManifest.xml:110:13-44
282            android:enabled="false"
282-->[androidx.work:work-runtime:2.5.0] AndroidManifest.xml:111:13-36
283            android:exported="false" >